<?xml version="1.0" encoding="UTF-8"?>
<!-- Generated by org.testng.reporters.JUnitReportReporter -->
<testsuite hostname="DESKTOP-73VT5SL" failures="0" tests="1" name="PageObjectModel.Test_Play_Store" time="41.825" errors="0" timestamp="2023-01-10T16:20:06 IST" skipped="0">
  <testcase classname="PageObjectModel.Test_Play_Store" name="playstore_test" time="41.825"/>
  <system-out/>
</testsuite> <!-- PageObjectModel.Test_Play_Store -->
