<?xml version="1.0" encoding="UTF-8"?>
<!-- Generated by org.testng.reporters.JUnitReportReporter -->
<testsuite hostname="DESKTOP-73VT5SL" failures="0" tests="2" name="PageObjectModel.Test_Play_Store" time="50.685" errors="0" timestamp="2023-01-11T15:49:11 IST" skipped="0">
  <testcase classname="PageObjectModel.Test_Play_Store" name="playstore_test" time="38.106"/>
  <system-out/>
  <testcase classname="PageObjectModel.Test_Play_Store" name="test_uc" time="12.579"/>
  <system-out/>
</testsuite> <!-- PageObjectModel.Test_Play_Store -->
