<?xml version="1.0" encoding="UTF-8"?>
<!-- Generated by org.testng.reporters.JUnitReportReporter -->
<testsuite hostname="DESKTOP-73VT5SL" failures="0" tests="1" name="PageObjectModel.Test_unit_converter" time="9.646" errors="0" timestamp="2023-01-11T10:25:41 IST" skipped="0">
  <testcase classname="PageObjectModel.Test_unit_converter" name="test_uc" time="9.646"/>
  <system-out/>
</testsuite> <!-- PageObjectModel.Test_unit_converter -->
