<?xml version="1.0" encoding="UTF-8"?>
<!-- Generated by org.testng.reporters.JUnitReportReporter -->
<testsuite hostname="DESKTOP-73VT5SL" failures="0" tests="2" name="tests.Test_Play_Store_and_unit_converter" time="78.422" errors="0" timestamp="2023-01-11T18:57:02 IST" skipped="0">
  <testcase classname="tests.Test_Play_Store_and_unit_converter" name="playstore_test" time="63.738"/>
  <system-out/>
  <testcase classname="tests.Test_Play_Store_and_unit_converter" name="test_uc" time="14.684"/>
  <system-out/>
</testsuite> <!-- tests.Test_Play_Store_and_unit_converter -->
