<?xml version="1.0" encoding="UTF-8"?>
<!-- Generated by org.testng.reporters.JUnitReportReporter -->
<testsuite hostname="DESKTOP-73VT5SL" failures="0" tests="1" name="PageObjectModel.Test_unit_converter" time="10.461" errors="0" timestamp="2023-01-11T15:11:22 IST" skipped="0">
  <testcase classname="PageObjectModel.Test_unit_converter" name="test_uc" time="10.461"/>
  <system-out/>
</testsuite> <!-- PageObjectModel.Test_unit_converter -->
